# JRE version: OpenJDK Runtime Environment (17.0.6) (build 17.0.6+0-b2043.56-10027231)
# Java VM: OpenJDK 64-Bit Server VM (17.0.6+0-b2043.56-10027231, mixed mode, tiered, compressed oops, compressed class ptrs, g1 gc, windows-amd64)
GC Precious Log:
 CPUs: 12 total, 12 available
 Memory: 32707M
 Large Page Support: Disabled
 NUMA Support: Disabled
 Compressed Oops: Enabled (32-bit)
 Heap Region Size: 1M
 Heap Min Capacity: 8M
 Heap Initial Capacity: 512M
 Heap Max Capacity: 2G
 Pre-touch: Disabled
 Parallel Workers: 10
 Concurrent Workers: 3
 Concurrent Refinement Workers: 10
 Periodic GC: Disabled
Heap:
 garbage-first heap   total 291840K, used 197632K [0x0000000080000000, 0x0000000100000000)
  region size 1024K, 6 young (6144K), 6 survivors (6144K)
 Metaspace       used 148503K, committed 149376K, reserved 1179648K
  class space    used 19480K, committed 19904K, reserved 1048576K
GC Heap History (20 events):
Event: 10.180 GC heap after
{Heap after GC invocations=29 (full 0):
 garbage-first heap   total 239616K, used 139510K [0x0000000080000000, 0x0000000100000000)
  region size 1024K, 10 young (10240K), 10 survivors (10240K)
 Metaspace       used 126264K, committed 127040K, reserved 1163264K
  class space    used 16350K, committed 16704K, reserved 1048576K
}
Event: 10.181 GC heap before
{Heap before GC invocations=29 (full 0):
 garbage-first heap   total 239616K, used 140534K [0x0000000080000000, 0x0000000100000000)
  region size 1024K, 11 young (11264K), 10 survivors (10240K)
 Metaspace       used 126265K, committed 127040K, reserved 1163264K
  class space    used 16350K, committed 16704K, reserved 1048576K
}
Event: 10.183 GC heap after
{Heap after GC invocations=30 (full 0):
 garbage-first heap   total 239616K, used 137826K [0x0000000080000000, 0x0000000100000000)
  region size 1024K, 1 young (1024K), 1 survivors (1024K)
 Metaspace       used 126265K, committed 127040K, reserved 1163264K
  class space    used 16350K, committed 16704K, reserved 1048576K
}
Event: 10.633 GC heap before
{Heap before GC invocations=30 (full 0):
 garbage-first heap   total 239616K, used 204386K [0x0000000080000000, 0x0000000100000000)
  region size 1024K, 61 young (62464K), 1 survivors (1024K)
 Metaspace       used 131506K, committed 132224K, reserved 1171456K
  class space    used 17049K, committed 17344K, reserved 1048576K
}
Event: 10.636 GC heap after
{Heap after GC invocations=31 (full 0):
 garbage-first heap   total 239616K, used 144995K [0x0000000080000000, 0x0000000100000000)
  region size 1024K, 5 young (5120K), 5 survivors (5120K)
 Metaspace       used 131506K, committed 132224K, reserved 1171456K
  class space    used 17049K, committed 17344K, reserved 1048576K
}
Event: 11.044 GC heap before
{Heap before GC invocations=32 (full 0):
 garbage-first heap   total 249856K, used 196195K [0x0000000080000000, 0x0000000100000000)
  region size 1024K, 58 young (59392K), 5 survivors (5120K)
 Metaspace       used 135197K, committed 136000K, reserved 1171456K
  class space    used 17528K, committed 17856K, reserved 1048576K
}
Event: 11.048 GC heap after
{Heap after GC invocations=33 (full 0):
 garbage-first heap   total 249856K, used 146369K [0x0000000080000000, 0x0000000100000000)
  region size 1024K, 8 young (8192K), 8 survivors (8192K)
 Metaspace       used 135197K, committed 136000K, reserved 1171456K
  class space    used 17528K, committed 17856K, reserved 1048576K
}
Event: 11.080 GC heap before
{Heap before GC invocations=33 (full 0):
 garbage-first heap   total 249856K, used 150465K [0x0000000080000000, 0x0000000100000000)
  region size 1024K, 12 young (12288K), 8 survivors (8192K)
 Metaspace       used 135566K, committed 136384K, reserved 1171456K
  class space    used 17579K, committed 17920K, reserved 1048576K
}
Event: 11.084 GC heap after
{Heap after GC invocations=34 (full 0):
 garbage-first heap   total 249856K, used 146345K [0x0000000080000000, 0x0000000100000000)
  region size 1024K, 2 young (2048K), 2 survivors (2048K)
 Metaspace       used 135566K, committed 136384K, reserved 1171456K
  class space    used 17579K, committed 17920K, reserved 1048576K
}
Event: 11.630 GC heap before
{Heap before GC invocations=34 (full 0):
 garbage-first heap   total 249856K, used 207785K [0x0000000080000000, 0x0000000100000000)
  region size 1024K, 62 young (63488K), 2 survivors (2048K)
 Metaspace       used 142257K, committed 142976K, reserved 1179648K
  class space    used 18688K, committed 19008K, reserved 1048576K
}
Event: 11.632 GC heap after
{Heap after GC invocations=35 (full 0):
 garbage-first heap   total 249856K, used 143951K [0x0000000080000000, 0x0000000100000000)
  region size 1024K, 5 young (5120K), 5 survivors (5120K)
 Metaspace       used 142257K, committed 142976K, reserved 1179648K
  class space    used 18688K, committed 19008K, reserved 1048576K
}
Event: 11.798 GC heap before
{Heap before GC invocations=35 (full 0):
 garbage-first heap   total 249856K, used 160335K [0x0000000080000000, 0x0000000100000000)
  region size 1024K, 20 young (20480K), 5 survivors (5120K)
 Metaspace       used 144286K, committed 145088K, reserved 1179648K
  class space    used 18862K, committed 19264K, reserved 1048576K
}
Event: 11.801 GC heap after
{Heap after GC invocations=36 (full 0):
 garbage-first heap   total 249856K, used 148898K [0x0000000080000000, 0x0000000100000000)
  region size 1024K, 4 young (4096K), 4 survivors (4096K)
 Metaspace       used 144286K, committed 145088K, reserved 1179648K
  class space    used 18862K, committed 19264K, reserved 1048576K
}
Event: 12.187 GC heap before
{Heap before GC invocations=37 (full 0):
 garbage-first heap   total 291840K, used 212386K [0x0000000080000000, 0x0000000100000000)
  region size 1024K, 47 young (48128K), 4 survivors (4096K)
 Metaspace       used 147315K, committed 148160K, reserved 1179648K
  class space    used 19317K, committed 19712K, reserved 1048576K
}
Event: 12.190 GC heap after
{Heap after GC invocations=38 (full 0):
 garbage-first heap   total 291840K, used 176086K [0x0000000080000000, 0x0000000100000000)
  region size 1024K, 6 young (6144K), 6 survivors (6144K)
 Metaspace       used 147315K, committed 148160K, reserved 1179648K
  class space    used 19317K, committed 19712K, reserved 1048576K
}
Event: 12.242 GC heap before
{Heap before GC invocations=38 (full 0):
 garbage-first heap   total 291840K, used 184278K [0x0000000080000000, 0x0000000100000000)
  region size 1024K, 14 young (14336K), 6 survivors (6144K)
 Metaspace       used 147794K, committed 148608K, reserved 1179648K
  class space    used 19392K, committed 19776K, reserved 1048576K
}
Event: 12.244 GC heap after
{Heap after GC invocations=39 (full 0):
 garbage-first heap   total 291840K, used 174980K [0x0000000080000000, 0x0000000100000000)
  region size 1024K, 1 young (1024K), 1 survivors (1024K)
 Metaspace       used 147794K, committed 148608K, reserved 1179648K
  class space    used 19392K, committed 19776K, reserved 1048576K
}
Event: 12.415 GC heap before
{Heap before GC invocations=39 (full 0):
 garbage-first heap   total 291840K, used 229252K [0x0000000080000000, 0x0000000100000000)
  region size 1024K, 51 young (52224K), 1 survivors (1024K)
 Metaspace       used 148477K, committed 149312K, reserved 1179648K
  class space    used 19480K, committed 19904K, reserved 1048576K
}
Event: 12.420 GC heap after
{Heap after GC invocations=40 (full 0):
 garbage-first heap   total 291840K, used 193584K [0x0000000080000000, 0x0000000100000000)
  region size 1024K, 7 young (7168K), 7 survivors (7168K)
 Metaspace       used 148477K, committed 149312K, reserved 1179648K
  class space    used 19480K, committed 19904K, reserved 1048576K
}
Event: 12.719 GC heap before
{Heap before GC invocations=40 (full 0):
 garbage-first heap   total 291840K, used 233520K [0x0000000080000000, 0x0000000100000000)
  region size 1024K, 46 young (47104K), 7 survivors (7168K)
 Metaspace       used 148503K, committed 149376K, reserved 1179648K
  class space    used 19480K, committed 19904K, reserved 1048576K
}

