# JRE version: OpenJDK Runtime Environment (17.0.6) (build 17.0.6+0-b2043.56-10027231)
# Java VM: OpenJDK 64-Bit Server VM (17.0.6+0-b2043.56-10027231, mixed mode, tiered, compressed oops, compressed class ptrs, g1 gc, windows-amd64)
GC Precious Log:
 CPUs: 12 total, 12 available
 Memory: 32707M
 Large Page Support: Disabled
 NUMA Support: Disabled
 Compressed Oops: Enabled (32-bit)
 Heap Region Size: 1M
 Heap Min Capacity: 8M
 Heap Initial Capacity: 512M
 Heap Max Capacity: 2G
 Pre-touch: Disabled
 Parallel Workers: 10
 Concurrent Workers: 3
 Concurrent Refinement Workers: 10
 Periodic GC: Disabled
Heap:
 garbage-first heap   total 337920K, used 219162K [0x0000000080000000, 0x0000000100000000)
  region size 1024K, 33 young (33792K), 2 survivors (2048K)
 Metaspace       used 106205K, committed 107008K, reserved 1146880K
  class space    used 14226K, committed 14592K, reserved 1048576K
GC Heap History (20 events):
Event: 8.263 GC heap before
{Heap before GC invocations=20 (full 0):
 garbage-first heap   total 308224K, used 246371K [0x0000000080000000, 0x0000000100000000)
  region size 1024K, 113 young (115712K), 16 survivors (16384K)
 Metaspace       used 94176K, committed 94912K, reserved 1130496K
  class space    used 12727K, committed 13056K, reserved 1048576K
}
Event: 8.273 GC heap after
{Heap after GC invocations=21 (full 0):
 garbage-first heap   total 308224K, used 165488K [0x0000000080000000, 0x0000000100000000)
  region size 1024K, 15 young (15360K), 15 survivors (15360K)
 Metaspace       used 94176K, committed 94912K, reserved 1130496K
  class space    used 12727K, committed 13056K, reserved 1048576K
}
Event: 8.683 GC heap before
{Heap before GC invocations=21 (full 0):
 garbage-first heap   total 308224K, used 240240K [0x0000000080000000, 0x0000000100000000)
  region size 1024K, 89 young (91136K), 15 survivors (15360K)
 Metaspace       used 94177K, committed 94912K, reserved 1130496K
  class space    used 12728K, committed 13056K, reserved 1048576K
}
Event: 8.688 GC heap after
{Heap after GC invocations=22 (full 0):
 garbage-first heap   total 308224K, used 170185K [0x0000000080000000, 0x0000000100000000)
  region size 1024K, 6 young (6144K), 6 survivors (6144K)
 Metaspace       used 94177K, committed 94912K, reserved 1130496K
  class space    used 12728K, committed 13056K, reserved 1048576K
}
Event: 9.419 GC heap before
{Heap before GC invocations=23 (full 0):
 garbage-first heap   total 308224K, used 245961K [0x0000000080000000, 0x0000000100000000)
  region size 1024K, 80 young (81920K), 6 survivors (6144K)
 Metaspace       used 94182K, committed 94912K, reserved 1130496K
  class space    used 12728K, committed 13056K, reserved 1048576K
}
Event: 9.422 GC heap after
{Heap after GC invocations=24 (full 0):
 garbage-first heap   total 308224K, used 171633K [0x0000000080000000, 0x0000000100000000)
  region size 1024K, 8 young (8192K), 8 survivors (8192K)
 Metaspace       used 94182K, committed 94912K, reserved 1130496K
  class space    used 12728K, committed 13056K, reserved 1048576K
}
Event: 9.488 GC heap before
{Heap before GC invocations=24 (full 0):
 garbage-first heap   total 308224K, used 178801K [0x0000000080000000, 0x0000000100000000)
  region size 1024K, 15 young (15360K), 8 survivors (8192K)
 Metaspace       used 94182K, committed 94912K, reserved 1130496K
  class space    used 12728K, committed 13056K, reserved 1048576K
}
Event: 9.491 GC heap after
{Heap after GC invocations=25 (full 0):
 garbage-first heap   total 308224K, used 170380K [0x0000000080000000, 0x0000000100000000)
  region size 1024K, 2 young (2048K), 2 survivors (2048K)
 Metaspace       used 94182K, committed 94912K, reserved 1130496K
  class space    used 12728K, committed 13056K, reserved 1048576K
}
Event: 10.157 GC heap before
{Heap before GC invocations=25 (full 0):
 garbage-first heap   total 308224K, used 248204K [0x0000000080000000, 0x0000000100000000)
  region size 1024K, 78 young (79872K), 2 survivors (2048K)
 Metaspace       used 94182K, committed 94912K, reserved 1130496K
  class space    used 12728K, committed 13056K, reserved 1048576K
}
Event: 10.160 GC heap after
{Heap after GC invocations=26 (full 0):
 garbage-first heap   total 308224K, used 173935K [0x0000000080000000, 0x0000000100000000)
  region size 1024K, 6 young (6144K), 6 survivors (6144K)
 Metaspace       used 94182K, committed 94912K, reserved 1130496K
  class space    used 12728K, committed 13056K, reserved 1048576K
}
Event: 10.607 GC heap before
{Heap before GC invocations=27 (full 0):
 garbage-first heap   total 308224K, used 250735K [0x0000000080000000, 0x0000000100000000)
  region size 1024K, 81 young (82944K), 6 survivors (6144K)
 Metaspace       used 94183K, committed 94912K, reserved 1130496K
  class space    used 12728K, committed 13056K, reserved 1048576K
}
Event: 10.610 GC heap after
{Heap after GC invocations=28 (full 0):
 garbage-first heap   total 308224K, used 176271K [0x0000000080000000, 0x0000000100000000)
  region size 1024K, 8 young (8192K), 8 survivors (8192K)
 Metaspace       used 94183K, committed 94912K, reserved 1130496K
  class space    used 12728K, committed 13056K, reserved 1048576K
}
Event: 10.644 GC heap before
{Heap before GC invocations=28 (full 0):
 garbage-first heap   total 308224K, used 183439K [0x0000000080000000, 0x0000000100000000)
  region size 1024K, 15 young (15360K), 8 survivors (8192K)
 Metaspace       used 94183K, committed 94912K, reserved 1130496K
  class space    used 12728K, committed 13056K, reserved 1048576K
}
Event: 10.647 GC heap after
{Heap after GC invocations=29 (full 0):
 garbage-first heap   total 308224K, used 174929K [0x0000000080000000, 0x0000000100000000)
  region size 1024K, 2 young (2048K), 2 survivors (2048K)
 Metaspace       used 94183K, committed 94912K, reserved 1130496K
  class space    used 12728K, committed 13056K, reserved 1048576K
}
Event: 11.098 GC heap before
{Heap before GC invocations=29 (full 0):
 garbage-first heap   total 308224K, used 238417K [0x0000000080000000, 0x0000000100000000)
  region size 1024K, 65 young (66560K), 2 survivors (2048K)
 Metaspace       used 94218K, committed 94912K, reserved 1130496K
  class space    used 12739K, committed 13056K, reserved 1048576K
}
Event: 11.100 GC heap after
{Heap after GC invocations=30 (full 0):
 garbage-first heap   total 308224K, used 177765K [0x0000000080000000, 0x0000000100000000)
  region size 1024K, 5 young (5120K), 5 survivors (5120K)
 Metaspace       used 94218K, committed 94912K, reserved 1130496K
  class space    used 12739K, committed 13056K, reserved 1048576K
}
Event: 11.790 GC heap before
{Heap before GC invocations=31 (full 0):
 garbage-first heap   total 337920K, used 269925K [0x0000000080000000, 0x0000000100000000)
  region size 1024K, 79 young (80896K), 5 survivors (5120K)
 Metaspace       used 102826K, committed 103616K, reserved 1138688K
  class space    used 13838K, committed 14208K, reserved 1048576K
}
Event: 11.796 GC heap after
{Heap after GC invocations=32 (full 0):
 garbage-first heap   total 337920K, used 187248K [0x0000000080000000, 0x0000000100000000)
  region size 1024K, 10 young (10240K), 10 survivors (10240K)
 Metaspace       used 102826K, committed 103616K, reserved 1138688K
  class space    used 13838K, committed 14208K, reserved 1048576K
}
Event: 11.856 GC heap before
{Heap before GC invocations=32 (full 0):
 garbage-first heap   total 337920K, used 193392K [0x0000000080000000, 0x0000000100000000)
  region size 1024K, 16 young (16384K), 10 survivors (10240K)
 Metaspace       used 103449K, committed 104256K, reserved 1138688K
  class space    used 13932K, committed 14336K, reserved 1048576K
}
Event: 11.861 GC heap after
{Heap after GC invocations=33 (full 0):
 garbage-first heap   total 337920K, used 188442K [0x0000000080000000, 0x0000000100000000)
  region size 1024K, 2 young (2048K), 2 survivors (2048K)
 Metaspace       used 103449K, committed 104256K, reserved 1138688K
  class space    used 13932K, committed 14336K, reserved 1048576K
}

